<?xml version="1.0" encoding="UTF-8"?>
<<<<<<< HEAD
<testsuite xmlns:xsi="http://www.w3.org/2001/XMLSchema-instance" xsi:noNamespaceSchemaLocation="https://maven.apache.org/surefire/maven-surefire-plugin/xsd/surefire-test-report.xsd" name="com.mycompany.AppTest" time="0.097" tests="1" errors="0" skipped="0" failures="0">
=======
<testsuite xmlns:xsi="http://www.w3.org/2001/XMLSchema-instance" xsi:noNamespaceSchemaLocation="https://maven.apache.org/surefire/maven-surefire-plugin/xsd/surefire-test-report.xsd" name="com.mycompany.AppTest" time="0.047" tests="1" errors="0" skipped="0" failures="0">
>>>>>>> 6be8bd0b4ce3c22669c109c9582d0c1fe5da3e8f
  <properties>
    <property name="sun.desktop" value="gnome"/>
    <property name="awt.toolkit" value="sun.awt.X11.XToolkit"/>
    <property name="file.encoding.pkg" value="sun.io"/>
    <property name="java.specification.version" value="1.8"/>
    <property name="sun.cpu.isalist" value=""/>
    <property name="sun.jnu.encoding" value="UTF-8"/>
    <property name="java.class.path" value="/home/alex_rosario/NetBeansProjects/CleaningManager/ClientServices/target/test-classes:/home/alex_rosario/NetBeansProjects/CleaningManager/ClientServices/target/classes:/home/alex_rosario/.m2/repository/junit/junit/4.11/junit-4.11.jar:/home/alex_rosario/.m2/repository/org/hamcrest/hamcrest-core/1.3/hamcrest-core-1.3.jar:"/>
    <property name="java.vm.vendor" value="Oracle Corporation"/>
    <property name="sun.arch.data.model" value="64"/>
    <property name="java.vendor.url" value="http://java.oracle.com/"/>
    <property name="user.timezone" value=""/>
    <property name="java.vm.specification.version" value="1.8"/>
    <property name="os.name" value="Linux"/>
    <property name="sun.java.launcher" value="SUN_STANDARD"/>
    <property name="user.country" value="US"/>
    <property name="sun.boot.library.path" value="/opt/java/jdk1.8.0_271/jre/lib/amd64"/>
<<<<<<< HEAD
    <property name="sun.java.command" value="/home/alex_rosario/NetBeansProjects/CleaningManager/ClientServices/target/surefire/surefirebooter901573960109593818.jar /home/alex_rosario/NetBeansProjects/CleaningManager/ClientServices/target/surefire 2020-11-20T20-59-29_814-jvmRun1 surefire7567485131473006733tmp surefire_46908170034626760133tmp"/>
    <property name="surefire.test.class.path" value="/home/alex_rosario/NetBeansProjects/CleaningManager/ClientServices/target/test-classes:/home/alex_rosario/NetBeansProjects/CleaningManager/ClientServices/target/classes:/home/alex_rosario/.m2/repository/junit/junit/4.11/junit-4.11.jar:/home/alex_rosario/.m2/repository/org/hamcrest/hamcrest-core/1.3/hamcrest-core-1.3.jar:"/>
=======
    <property name="sun.java.command" value="/home/adriel/NetBeansProjects/CleaningManager/ClientServices/target/surefire/surefirebooter7298319468077530220.jar /home/adriel/NetBeansProjects/CleaningManager/ClientServices/target/surefire 2020-11-20T20-37-47_625-jvmRun1 surefire3307038041728993615tmp surefire_47504031409576260559tmp"/>
    <property name="surefire.test.class.path" value="/home/adriel/NetBeansProjects/CleaningManager/ClientServices/target/test-classes:/home/adriel/NetBeansProjects/CleaningManager/ClientServices/target/classes:/home/adriel/.m2/repository/junit/junit/4.11/junit-4.11.jar:/home/adriel/.m2/repository/org/hamcrest/hamcrest-core/1.3/hamcrest-core-1.3.jar:"/>
>>>>>>> 6be8bd0b4ce3c22669c109c9582d0c1fe5da3e8f
    <property name="sun.cpu.endian" value="little"/>
    <property name="user.home" value="/home/alex_rosario"/>
    <property name="user.language" value="en"/>
    <property name="java.specification.vendor" value="Oracle Corporation"/>
    <property name="java.home" value="/opt/java/jdk1.8.0_271/jre"/>
    <property name="basedir" value="/home/alex_rosario/NetBeansProjects/CleaningManager/ClientServices"/>
    <property name="file.separator" value="/"/>
    <property name="line.separator" value="&#10;"/>
    <property name="java.vm.specification.vendor" value="Oracle Corporation"/>
    <property name="java.specification.name" value="Java Platform API Specification"/>
    <property name="java.awt.graphicsenv" value="sun.awt.X11GraphicsEnvironment"/>
<<<<<<< HEAD
    <property name="surefire.real.class.path" value="/home/alex_rosario/NetBeansProjects/CleaningManager/ClientServices/target/surefire/surefirebooter901573960109593818.jar"/>
=======
    <property name="surefire.real.class.path" value="/home/adriel/NetBeansProjects/CleaningManager/ClientServices/target/surefire/surefirebooter7298319468077530220.jar"/>
>>>>>>> 6be8bd0b4ce3c22669c109c9582d0c1fe5da3e8f
    <property name="sun.boot.class.path" value="/opt/java/jdk1.8.0_271/jre/lib/resources.jar:/opt/java/jdk1.8.0_271/jre/lib/rt.jar:/opt/java/jdk1.8.0_271/jre/lib/sunrsasign.jar:/opt/java/jdk1.8.0_271/jre/lib/jsse.jar:/opt/java/jdk1.8.0_271/jre/lib/jce.jar:/opt/java/jdk1.8.0_271/jre/lib/charsets.jar:/opt/java/jdk1.8.0_271/jre/lib/jfr.jar:/opt/java/jdk1.8.0_271/jre/classes"/>
    <property name="sun.management.compiler" value="HotSpot 64-Bit Tiered Compilers"/>
    <property name="java.runtime.version" value="1.8.0_271-b09"/>
    <property name="user.name" value="alex_rosario"/>
    <property name="path.separator" value=":"/>
    <property name="os.version" value="5.4.0-53-generic"/>
    <property name="java.endorsed.dirs" value="/opt/java/jdk1.8.0_271/jre/lib/endorsed"/>
    <property name="java.runtime.name" value="Java(TM) SE Runtime Environment"/>
    <property name="file.encoding" value="UTF-8"/>
    <property name="java.vm.name" value="Java HotSpot(TM) 64-Bit Server VM"/>
    <property name="maven.ext.class.path" value="/usr/local/netbeans-8.2/java/maven-nblib/netbeans-eventspy.jar"/>
    <property name="localRepository" value="/home/alex_rosario/.m2/repository"/>
    <property name="java.vendor.url.bug" value="http://bugreport.sun.com/bugreport/"/>
    <property name="java.io.tmpdir" value="/tmp"/>
    <property name="java.version" value="1.8.0_271"/>
    <property name="user.dir" value="/home/alex_rosario/NetBeansProjects/CleaningManager/ClientServices"/>
    <property name="os.arch" value="amd64"/>
    <property name="java.vm.specification.name" value="Java Virtual Machine Specification"/>
    <property name="java.awt.printerjob" value="sun.print.PSPrinterJob"/>
    <property name="sun.os.patch.level" value="unknown"/>
    <property name="java.library.path" value="/opt/java/jdk1.8.0_271/jre/lib/amd64:/opt/java/jdk1.8.0_271/jre/lib/i386::/usr/java/packages/lib/amd64:/usr/lib64:/lib64:/lib:/usr/lib"/>
    <property name="java.vm.info" value="mixed mode"/>
    <property name="java.vendor" value="Oracle Corporation"/>
    <property name="java.vm.version" value="25.271-b09"/>
    <property name="java.ext.dirs" value="/opt/java/jdk1.8.0_271/jre/lib/ext:/usr/java/packages/lib/ext"/>
    <property name="sun.io.unicode.encoding" value="UnicodeLittle"/>
    <property name="java.class.version" value="52.0"/>
  </properties>
  <testcase name="shouldAnswerWithTrue" classname="com.mycompany.AppTest" time="0.002"/>
</testsuite>